2020-10-25 13:43:36,173 [main] INFO  e.p.study.demo.DemoApplication : Starting DemoApplication on developer1997 with PID 7024 (C:\develop\workspace\springboot-cache-basis\build\classes\java\main started by pasudo123 in C:\develop\workspace\springboot-cache-basis)
2020-10-25 13:43:36,178 [main] INFO  e.p.study.demo.DemoApplication : The following profiles are active: dev
2020-10-25 13:43:37,055 [main] INFO  o.s.b.w.e.tomcat.TomcatWebServer : Tomcat initialized with port(s): 8080 (http)
2020-10-25 13:43:37,063 [main] INFO  o.a.catalina.core.StandardService : Starting service [Tomcat]
2020-10-25 13:43:37,063 [main] INFO  o.a.catalina.core.StandardEngine : Starting Servlet engine: [Apache Tomcat/9.0.34]
2020-10-25 13:43:37,136 [main] INFO  o.a.c.c.C.[Tomcat].[localhost].[/] : Initializing Spring embedded WebApplicationContext
2020-10-25 13:43:37,136 [main] INFO  o.s.web.context.ContextLoader : Root WebApplicationContext: initialization completed in 925 ms
2020-10-25 13:43:37,395 [main] INFO  o.s.s.c.ThreadPoolTaskExecutor : Initializing ExecutorService 'applicationTaskExecutor'
2020-10-25 13:43:37,609 [main] INFO  o.s.b.a.e.web.EndpointLinksResolver : Exposing 2 endpoint(s) beneath base path '/actuator'
2020-10-25 13:43:37,657 [main] INFO  o.s.b.w.e.tomcat.TomcatWebServer : Tomcat started on port(s): 8080 (http) with context path ''
2020-10-25 13:43:37,660 [main] INFO  e.p.study.demo.DemoApplication : Started DemoApplication in 1.937 seconds (JVM running for 3.288)
2020-10-25 13:43:48,383 [http-nio-8080-exec-1] INFO  o.a.c.c.C.[Tomcat].[localhost].[/] : Initializing Spring DispatcherServlet 'dispatcherServlet'
2020-10-25 13:43:48,384 [http-nio-8080-exec-1] INFO  o.s.web.servlet.DispatcherServlet : Initializing Servlet 'dispatcherServlet'
2020-10-25 13:43:48,388 [http-nio-8080-exec-1] INFO  o.s.web.servlet.DispatcherServlet : Completed initialization in 4 ms
2020-10-25 13:43:48,412 [http-nio-8080-exec-1] INFO  e.p.s.demo.account.AccountController : Account Controller come in ...
2020-10-25 13:43:48,419 [http-nio-8080-exec-1] INFO  e.p.s.demo.account.AccountService : 5초간 sleep ...
2020-10-25 13:44:01,154 [http-nio-8080-exec-4] INFO  e.p.s.demo.account.AccountController : Account Controller come in ...
2020-10-25 13:44:27,234 [SpringContextShutdownHook] INFO  o.s.s.c.ThreadPoolTaskExecutor : Shutting down ExecutorService 'applicationTaskExecutor'
2020-10-25 13:44:27,235 [SpringContextShutdownHook] WARN  e.p.study.demo.DemoApplication : [pre-destroy] closing application context...
2020-10-25 13:44:31,126 [main] INFO  e.p.study.demo.DemoApplication : Starting DemoApplication on developer1997 with PID 3100 (C:\develop\workspace\springboot-cache-basis\build\classes\java\main started by pasudo123 in C:\develop\workspace\springboot-cache-basis)
2020-10-25 13:44:31,128 [main] INFO  e.p.study.demo.DemoApplication : The following profiles are active: dev
2020-10-25 13:44:31,844 [main] INFO  o.s.b.w.e.tomcat.TomcatWebServer : Tomcat initialized with port(s): 8080 (http)
2020-10-25 13:44:31,851 [main] INFO  o.a.catalina.core.StandardService : Starting service [Tomcat]
2020-10-25 13:44:31,851 [main] INFO  o.a.catalina.core.StandardEngine : Starting Servlet engine: [Apache Tomcat/9.0.34]
2020-10-25 13:44:31,916 [main] INFO  o.a.c.c.C.[Tomcat].[localhost].[/] : Initializing Spring embedded WebApplicationContext
2020-10-25 13:44:31,916 [main] INFO  o.s.web.context.ContextLoader : Root WebApplicationContext: initialization completed in 735 ms
2020-10-25 13:44:32,118 [main] INFO  o.s.s.c.ThreadPoolTaskExecutor : Initializing ExecutorService 'applicationTaskExecutor'
2020-10-25 13:44:32,288 [main] INFO  o.s.b.a.e.web.EndpointLinksResolver : Exposing 2 endpoint(s) beneath base path '/actuator'
2020-10-25 13:44:32,324 [main] INFO  o.s.b.w.e.tomcat.TomcatWebServer : Tomcat started on port(s): 8080 (http) with context path ''
2020-10-25 13:44:32,326 [main] INFO  e.p.study.demo.DemoApplication : Started DemoApplication in 1.536 seconds (JVM running for 2.102)
2020-10-25 13:44:38,012 [http-nio-8080-exec-1] INFO  o.a.c.c.C.[Tomcat].[localhost].[/] : Initializing Spring DispatcherServlet 'dispatcherServlet'
2020-10-25 13:44:38,012 [http-nio-8080-exec-1] INFO  o.s.web.servlet.DispatcherServlet : Initializing Servlet 'dispatcherServlet'
2020-10-25 13:44:38,015 [http-nio-8080-exec-1] INFO  o.s.web.servlet.DispatcherServlet : Completed initialization in 3 ms
2020-10-25 13:44:38,036 [http-nio-8080-exec-1] INFO  e.p.s.demo.account.AccountController : Account Controller come in ...
2020-10-25 13:44:38,043 [http-nio-8080-exec-1] INFO  e.p.s.demo.account.AccountService : 5초간 sleep ...
2020-10-25 13:44:44,487 [http-nio-8080-exec-2] INFO  e.p.s.demo.account.AccountController : Account Controller come in ...
2020-10-25 13:44:46,790 [http-nio-8080-exec-3] INFO  e.p.s.demo.account.AccountService : update account
2020-10-25 13:44:51,615 [http-nio-8080-exec-4] INFO  e.p.s.demo.account.AccountController : Account Controller come in ...
2020-10-25 13:44:58,105 [http-nio-8080-exec-5] INFO  e.p.s.demo.account.AccountController : Account Controller come in ...
2020-10-25 13:44:58,106 [http-nio-8080-exec-5] INFO  e.p.s.demo.account.AccountService : 5초간 sleep ...
2020-10-25 13:45:10,307 [http-nio-8080-exec-7] INFO  e.p.s.demo.account.AccountService : update account
2020-10-25 13:45:19,051 [http-nio-8080-exec-6] INFO  e.p.s.demo.account.AccountController : Account Controller come in ...
2020-10-25 13:45:23,733 [http-nio-8080-exec-8] INFO  e.p.s.demo.account.AccountService : update account
2020-10-25 13:45:26,444 [http-nio-8080-exec-9] INFO  e.p.s.demo.account.AccountController : Account Controller come in ...
2020-10-25 14:02:17,729 [main] INFO  e.p.study.demo.DemoApplication : Starting DemoApplication on developer1997 with PID 11424 (C:\develop\workspace\springboot-cache-basis\build\classes\java\main started by pasudo123 in C:\develop\workspace\springboot-cache-basis)
2020-10-25 14:02:17,732 [main] INFO  e.p.study.demo.DemoApplication : The following profiles are active: dev
2020-10-25 14:02:18,527 [main] INFO  o.s.b.w.e.tomcat.TomcatWebServer : Tomcat initialized with port(s): 8080 (http)
2020-10-25 14:02:18,534 [main] INFO  o.a.catalina.core.StandardService : Starting service [Tomcat]
2020-10-25 14:02:18,534 [main] INFO  o.a.catalina.core.StandardEngine : Starting Servlet engine: [Apache Tomcat/9.0.34]
2020-10-25 14:02:18,604 [main] INFO  o.a.c.c.C.[Tomcat].[localhost].[/] : Initializing Spring embedded WebApplicationContext
2020-10-25 14:02:18,604 [main] INFO  o.s.web.context.ContextLoader : Root WebApplicationContext: initialization completed in 841 ms
2020-10-25 14:02:18,824 [main] INFO  o.s.s.c.ThreadPoolTaskExecutor : Initializing ExecutorService 'applicationTaskExecutor'
2020-10-25 14:02:19,042 [main] INFO  o.s.b.a.e.web.EndpointLinksResolver : Exposing 2 endpoint(s) beneath base path '/actuator'
2020-10-25 14:02:19,093 [main] INFO  o.s.b.w.e.tomcat.TomcatWebServer : Tomcat started on port(s): 8080 (http) with context path ''
2020-10-25 14:02:19,096 [main] INFO  e.p.study.demo.DemoApplication : Started DemoApplication in 1.778 seconds (JVM running for 2.491)
2020-10-25 14:02:47,277 [http-nio-8080-exec-1] INFO  o.a.c.c.C.[Tomcat].[localhost].[/] : Initializing Spring DispatcherServlet 'dispatcherServlet'
2020-10-25 14:02:47,278 [http-nio-8080-exec-1] INFO  o.s.web.servlet.DispatcherServlet : Initializing Servlet 'dispatcherServlet'
2020-10-25 14:02:47,282 [http-nio-8080-exec-1] INFO  o.s.web.servlet.DispatcherServlet : Completed initialization in 4 ms
2020-10-25 14:02:47,305 [http-nio-8080-exec-1] INFO  e.p.s.demo.account.AccountController : Account Controller come in ...
2020-10-25 14:02:47,311 [http-nio-8080-exec-1] INFO  e.p.s.demo.account.AccountService : 5초간 sleep ...
2020-10-25 14:02:51,246 [http-nio-8080-exec-2] INFO  e.p.s.demo.account.AccountController : Account Controller come in ...
2020-10-25 14:02:51,246 [http-nio-8080-exec-2] INFO  e.p.s.demo.account.AccountService : 5초간 sleep ...
2020-10-25 14:02:59,863 [http-nio-8080-exec-3] INFO  e.p.s.demo.account.AccountController : Account Controller come in ...
2020-10-25 14:03:02,115 [http-nio-8080-exec-5] INFO  e.p.s.demo.account.AccountController : Account Controller come in ...
2020-10-25 14:03:02,116 [http-nio-8080-exec-5] INFO  e.p.s.demo.account.AccountService : 5초간 sleep ...
2020-10-25 14:03:06,130 [http-nio-8080-exec-4] INFO  e.p.s.demo.account.AccountController : Account Controller come in ...
2020-10-25 14:03:06,131 [http-nio-8080-exec-4] INFO  e.p.s.demo.account.AccountService : 5초간 sleep ...
2020-10-25 14:03:15,348 [http-nio-8080-exec-7] INFO  e.p.s.demo.account.AccountService : update account
2020-10-25 14:03:16,995 [http-nio-8080-exec-8] INFO  e.p.s.demo.account.AccountController : Account Controller come in ...
2020-10-25 14:03:19,090 [http-nio-8080-exec-6] INFO  e.p.s.demo.account.AccountController : Account Controller come in ...
2020-10-25 14:03:27,555 [http-nio-8080-exec-10] INFO  e.p.s.demo.account.AccountService : update account
2020-10-25 14:03:29,692 [http-nio-8080-exec-1] INFO  e.p.s.demo.account.AccountController : Account Controller come in ...
2020-10-25 14:03:29,693 [http-nio-8080-exec-1] INFO  e.p.s.demo.account.AccountService : 5초간 sleep ...
2020-10-25 14:03:35,999 [http-nio-8080-exec-2] INFO  e.p.s.demo.account.AccountController : Account Controller come in ...
2020-10-25 14:03:39,113 [http-nio-8080-exec-5] INFO  e.p.s.demo.account.AccountController : Account Controller come in ...
2020-10-25 14:03:39,114 [http-nio-8080-exec-5] INFO  e.p.s.demo.account.AccountService : 5초간 sleep ...
2020-10-25 14:04:13,447 [SpringContextShutdownHook] INFO  o.s.s.c.ThreadPoolTaskExecutor : Shutting down ExecutorService 'applicationTaskExecutor'
2020-10-25 14:04:13,448 [SpringContextShutdownHook] WARN  e.p.study.demo.DemoApplication : [pre-destroy] closing application context...
2020-10-25 14:04:16,343 [main] INFO  e.p.study.demo.DemoApplication : Starting DemoApplication on developer1997 with PID 12420 (C:\develop\workspace\springboot-cache-basis\build\classes\java\main started by pasudo123 in C:\develop\workspace\springboot-cache-basis)
2020-10-25 14:04:16,345 [main] INFO  e.p.study.demo.DemoApplication : The following profiles are active: dev
2020-10-25 14:04:17,080 [main] INFO  o.s.b.w.e.tomcat.TomcatWebServer : Tomcat initialized with port(s): 8080 (http)
2020-10-25 14:04:17,085 [main] INFO  o.a.catalina.core.StandardService : Starting service [Tomcat]
2020-10-25 14:04:17,086 [main] INFO  o.a.catalina.core.StandardEngine : Starting Servlet engine: [Apache Tomcat/9.0.34]
2020-10-25 14:04:17,148 [main] INFO  o.a.c.c.C.[Tomcat].[localhost].[/] : Initializing Spring embedded WebApplicationContext
2020-10-25 14:04:17,149 [main] INFO  o.s.web.context.ContextLoader : Root WebApplicationContext: initialization completed in 746 ms
2020-10-25 14:04:17,350 [main] INFO  o.s.s.c.ThreadPoolTaskExecutor : Initializing ExecutorService 'applicationTaskExecutor'
2020-10-25 14:04:17,526 [main] INFO  o.s.b.a.e.web.EndpointLinksResolver : Exposing 2 endpoint(s) beneath base path '/actuator'
2020-10-25 14:04:17,564 [main] INFO  o.s.b.w.e.tomcat.TomcatWebServer : Tomcat started on port(s): 8080 (http) with context path ''
2020-10-25 14:04:17,566 [main] INFO  e.p.study.demo.DemoApplication : Started DemoApplication in 1.545 seconds (JVM running for 2.074)
2020-10-25 14:04:22,678 [http-nio-8080-exec-1] INFO  o.a.c.c.C.[Tomcat].[localhost].[/] : Initializing Spring DispatcherServlet 'dispatcherServlet'
2020-10-25 14:04:22,679 [http-nio-8080-exec-1] INFO  o.s.web.servlet.DispatcherServlet : Initializing Servlet 'dispatcherServlet'
2020-10-25 14:04:22,682 [http-nio-8080-exec-1] INFO  o.s.web.servlet.DispatcherServlet : Completed initialization in 3 ms
2020-10-25 14:04:22,702 [http-nio-8080-exec-1] INFO  e.p.s.demo.account.AccountController : Account Controller come in ...
2020-10-25 14:04:22,708 [http-nio-8080-exec-1] INFO  e.p.s.demo.account.AccountService : 5초간 sleep ...
2020-10-25 14:04:30,667 [http-nio-8080-exec-3] INFO  e.p.s.demo.account.AccountController : Account Controller come in ...
2020-10-25 14:04:31,364 [http-nio-8080-exec-4] INFO  e.p.s.demo.account.AccountController : Account Controller come in ...
2020-10-25 14:11:07,658 [main] INFO  e.p.study.demo.DemoApplication : Starting DemoApplication on developer1997 with PID 9820 (C:\develop\workspace\springboot-cache-basis\build\classes\java\main started by pasudo123 in C:\develop\workspace\springboot-cache-basis)
2020-10-25 14:11:07,660 [main] INFO  e.p.study.demo.DemoApplication : The following profiles are active: dev
2020-10-25 14:11:08,370 [main] INFO  o.s.b.w.e.tomcat.TomcatWebServer : Tomcat initialized with port(s): 8080 (http)
2020-10-25 14:11:08,376 [main] INFO  o.a.catalina.core.StandardService : Starting service [Tomcat]
2020-10-25 14:11:08,376 [main] INFO  o.a.catalina.core.StandardEngine : Starting Servlet engine: [Apache Tomcat/9.0.34]
2020-10-25 14:11:08,439 [main] INFO  o.a.c.c.C.[Tomcat].[localhost].[/] : Initializing Spring embedded WebApplicationContext
2020-10-25 14:11:08,440 [main] INFO  o.s.web.context.ContextLoader : Root WebApplicationContext: initialization completed in 722 ms
2020-10-25 14:11:08,635 [main] INFO  o.s.s.c.ThreadPoolTaskExecutor : Initializing ExecutorService 'applicationTaskExecutor'
2020-10-25 14:11:08,806 [main] INFO  o.s.b.a.e.web.EndpointLinksResolver : Exposing 2 endpoint(s) beneath base path '/actuator'
2020-10-25 14:11:08,843 [main] INFO  o.s.b.w.e.tomcat.TomcatWebServer : Tomcat started on port(s): 8080 (http) with context path ''
2020-10-25 14:11:08,845 [main] INFO  e.p.study.demo.DemoApplication : Started DemoApplication in 1.501 seconds (JVM running for 2.032)
2020-10-25 14:11:10,709 [http-nio-8080-exec-1] INFO  o.a.c.c.C.[Tomcat].[localhost].[/] : Initializing Spring DispatcherServlet 'dispatcherServlet'
2020-10-25 14:11:10,709 [http-nio-8080-exec-1] INFO  o.s.web.servlet.DispatcherServlet : Initializing Servlet 'dispatcherServlet'
2020-10-25 14:11:10,713 [http-nio-8080-exec-1] INFO  o.s.web.servlet.DispatcherServlet : Completed initialization in 4 ms
2020-10-25 14:11:10,733 [http-nio-8080-exec-1] INFO  e.p.s.demo.account.AccountController : Account Controller come in ...
2020-10-25 14:11:10,738 [http-nio-8080-exec-1] INFO  e.p.s.demo.account.AccountService : 5초간 sleep ...
2020-10-25 14:11:14,383 [http-nio-8080-exec-2] INFO  e.p.s.demo.account.AccountService : update account
2020-10-25 14:11:19,306 [http-nio-8080-exec-5] INFO  e.p.s.demo.account.AccountController : Account Controller come in ...
2020-10-25 14:11:19,306 [http-nio-8080-exec-5] INFO  e.p.s.demo.account.AccountService : 5초간 sleep ...
